<?xml version="1.0" encoding="UTF-8"?>
<!-- Generated by org.testng.reporters.JUnitXMLReporter -->
<testsuite hostname="Kaushik-PC" name="Default test" tests="6" failures="0" timestamp="11 Jul 2020 12:04:21 GMT" time="0.132" errors="0">
  <testcase name="@BeforeTest beforeTest" time="0.0" classname="com.seleniumpagefactory.test.TestHRA">
    <failure type="org.testng.TestNGException" message="
Parameter &amp;apos;targetURL&amp;apos; is required by @Configuration on method beforeTest but has not been marked @Optional or defined
in C:\Users\Kaushik\AppData\Local\Temp\testng-eclipse--828435850\testng-customsuite.xml">
      <![CDATA[org.testng.TestNGException: 
Parameter 'targetURL' is required by @Configuration on method beforeTest but has not been marked @Optional or defined
in C:\Users\Kaushik\AppData\Local\Temp\testng-eclipse--828435850\testng-customsuite.xml
	at org.testng.internal.Parameters.createParameters(Parameters.java:155)
	at org.testng.internal.Parameters.createParameters(Parameters.java:355)
	at org.testng.internal.Parameters.createConfigurationParameters(Parameters.java:86)
	at org.testng.internal.Invoker.invokeConfigurations(Invoker.java:199)
	at org.testng.internal.Invoker.invokeConfigurations(Invoker.java:138)
	at org.testng.TestRunner.beforeRun(TestRunner.java:641)
	at org.testng.TestRunner.run(TestRunner.java:609)
	at org.testng.SuiteRunner.runTest(SuiteRunner.java:334)
	at org.testng.SuiteRunner.runSequentially(SuiteRunner.java:329)
	at org.testng.SuiteRunner.privateRun(SuiteRunner.java:291)
	at org.testng.SuiteRunner.run(SuiteRunner.java:240)
	at org.testng.SuiteRunnerWorker.runSuite(SuiteRunnerWorker.java:52)
	at org.testng.SuiteRunnerWorker.run(SuiteRunnerWorker.java:86)
	at org.testng.TestNG.runSuitesSequentially(TestNG.java:1198)
	at org.testng.TestNG.runSuitesLocally(TestNG.java:1123)
	at org.testng.TestNG.run(TestNG.java:1031)
	at org.testng.remote.AbstractRemoteTestNG.run(AbstractRemoteTestNG.java:114)
	at org.testng.remote.RemoteTestNG.initAndRun(RemoteTestNG.java:251)
	at org.testng.remote.RemoteTestNG.main(RemoteTestNG.java:77)
]]>
    </failure>
  </testcase> <!-- @BeforeTest beforeTest -->
  <testcase name="@AfterTest afterTest" time="0.0" classname="com.seleniumpagefactory.test.TestHRA">
    <skipped/>
  </testcase> <!-- @AfterTest afterTest -->
  <testcase name="testHRACalculation" time="0.001" classname="com.seleniumpagefactory.test.TestHRA">
    <skipped/>
  </testcase> <!-- testHRACalculation -->
  <testcase name="testHRAMessage" time="0.007" classname="com.seleniumpagefactory.test.TestHRA">
    <skipped/>
  </testcase> <!-- testHRAMessage -->
  <testcase name="testPdfDownload" time="0.0" classname="com.seleniumpagefactory.test.TestHRA">
    <skipped/>
  </testcase> <!-- testPdfDownload -->
  <testcase name="testHTMLTable" time="0.001" classname="com.seleniumpagefactory.test.TestHRA">
    <skipped/>
  </testcase> <!-- testHTMLTable -->
  <testcase name="testHRAMessageAfterReset" time="0.001" classname="com.seleniumpagefactory.test.TestHRA">
    <skipped/>
  </testcase> <!-- testHRAMessageAfterReset -->
  <testcase name="testOpenPDF" time="0.0" classname="com.seleniumpagefactory.test.TestHRA">
    <skipped/>
  </testcase> <!-- testOpenPDF -->
</testsuite> <!-- Default test -->
